<?xml version="1.0" encoding="UTF-8"?>
<testng-results ignored="0" total="0" passed="0" failed="0" skipped="0">
  <reporter-output>
  </reporter-output>
  <suite started-at="2023-06-21T17:42:12 IST" name="LaunchSuite" finished-at="2023-06-21T17:42:12 IST" duration-ms="11">
    <groups>
    </groups>
    <test started-at="2023-06-21T17:42:12 IST" name="LaunchOutlook" finished-at="2023-06-21T17:42:12 IST" duration-ms="11">
    </test> <!-- LaunchOutlook -->
  </suite> <!-- LaunchSuite -->
</testng-results>
