<?xml version="1.0" encoding="UTF-8"?>
<testng-results ignored="0" total="0" passed="0" failed="0" skipped="0">
  <reporter-output>
  </reporter-output>
  <suite started-at="2023-06-20T21:35:53 IST" name="Default suite" finished-at="2023-06-20T21:35:59 IST" duration-ms="6448">
    <groups>
    </groups>
    <test started-at="2023-06-20T21:35:53 IST" name="Default test" finished-at="2023-06-20T21:35:59 IST" duration-ms="6448">
      <class name="Winappdriver.TestWinApp.TestTwoOpenNewMail">
        <test-method is-config="true" signature="Setup()[pri:0, instance:Winappdriver.TestWinApp.TestTwoOpenNewMail@6771beb3]" started-at="2023-06-20T21:35:53 IST" name="Setup" finished-at="2023-06-20T21:35:57 IST" duration-ms="4083" status="PASS">
          <reporter-output>
          </reporter-output>
        </test-method> <!-- Setup -->
        <test-method is-config="true" signature="Close()[pri:0, instance:Winappdriver.TestWinApp.TestTwoOpenNewMail@6771beb3]" started-at="2023-06-20T21:35:57 IST" name="Close" finished-at="2023-06-20T21:35:59 IST" duration-ms="2351" status="PASS">
          <reporter-output>
          </reporter-output>
        </test-method> <!-- Close -->
      </class> <!-- Winappdriver.TestWinApp.TestTwoOpenNewMail -->
    </test> <!-- Default test -->
  </suite> <!-- Default suite -->
</testng-results>
